<?xml version="1.0" encoding="UTF-8" ?>
<testsuite failures="0" time="0.371" errors="0" skipped="0" tests="16" name="com.ericsson.util.HandleXmlTest">
  <properties>
[...]
</properties>
  <testcase time="0.111" classname="com.ericsson.util.HandleXmlTest" name="testAdd"/>
  <testcase time="0.027" classname="com.ericsson.util.HandleXmlTest" name="testSearch1"/>
  <testcase time="0.022" classname="com.ericsson.util.HandleXmlTest" name="testSearch2"/>
  <testcase time="0.005" classname="com.ericsson.util.HandleXmlTest" name="testSearch3"/>
  <testcase time="0.008" classname="com.ericsson.util.HandleXmlTest" name="testSearch4"/>
  <testcase time="0.011" classname="com.ericsson.util.HandleXmlTest" name="testSearch5"/>
  <testcase time="0.011" classname="com.ericsson.util.HandleXmlTest" name="testSearch6"/>
  <testcase time="0.007" classname="com.ericsson.util.HandleXmlTest" name="testSearch7"/>
  <testcase time="0.047" classname="com.ericsson.util.HandleXmlTest" name="testDelete1"/>
  <testcase time="0.014" classname="com.ericsson.util.HandleXmlTest" name="testDelete2"/>
  <testcase time="0.005" classname="com.ericsson.util.HandleXmlTest" name="testDelete3"/>
  <testcase time="0.04" classname="com.ericsson.util.HandleXmlTest" name="testDelete4"/>
  <testcase time="0.046" classname="com.ericsson.util.HandleXmlTest" name="testDelete5"/>
  <testcase time="0.001" classname="com.ericsson.util.HandleXmlTest" name="testDelete6"/>
  <testcase time="0.006" classname="com.ericsson.util.HandleXmlTest" name="testDelete7"/>
  <testcase time="0" classname="com.ericsson.util.HandleXmlTest" name="testVerifyInitFile"/>
</testsuite>