<?xml version="1.0" encoding="UTF-8" ?>
<testsuite failures="0" time="0.003" errors="0" skipped="0" tests="7" name="com.ericsson.entry.AddressTest">
  <properties>
[...]
</properties>
  <testcase time="0" classname="com.ericsson.entry.AddressTest" name="testAddress"/>
  <testcase time="0" classname="com.ericsson.entry.AddressTest" name="testGetName"/>
  <testcase time="0" classname="com.ericsson.entry.AddressTest" name="testSetName"/>
  <testcase time="0" classname="com.ericsson.entry.AddressTest" name="testGetMobileNo"/>
  <testcase time="0" classname="com.ericsson.entry.AddressTest" name="testSetMobileNo"/>
  <testcase time="0" classname="com.ericsson.entry.AddressTest" name="testGetHomeAddress"/>
  <testcase time="0" classname="com.ericsson.entry.AddressTest" name="testSetHomeAddress"/>
</testsuite>